<?xml version="1.0" encoding="UTF-8"?>
<!-- Generated by org.testng.reporters.JUnitXMLReporter -->
<testsuite hostname="Rajesh" ignored="2" tests="0" failures="0" timestamp="18 Sep 2022 06:09:10 GMT" time="0.015" errors="0">
  <testcase name="errorMessageValidation" time="0.0" classname="tests.ErrorValidation">
    <ignored/>
  </testcase> <!-- errorMessageValidation -->
  <testcase name="productErrorValidation" time="0.0" classname="tests.ErrorValidation">
    <ignored/>
  </testcase> <!-- productErrorValidation -->
</testsuite>
